<?xml version="1.0" encoding="UTF-8"?>
<!-- Generated by org.testng.reporters.JUnitReportReporter -->
<testsuite skipped="0" hostname="Diva" name="FundTransfer.TestNGsp" tests="2" failures="0" timestamp="22 Jul 2018 19:04:32 GMT" time="0.022" errors="0">
  <testcase name="multi" time="0.001" classname="FundTransfer.TestNGsp"/>
  <testcase name="div" time="0.021" classname="FundTransfer.TestNGsp"/>
</testsuite> <!-- FundTransfer.TestNGsp -->
